==501643== Memcheck, a memory error detector
==501643== Copyright (C) 2002-2017, and GNU GPL'd, by Julian Seward et al.
==501643== Using Valgrind-3.18.1 and LibVEX; rerun with -h for copyright info
==501643== Command: ./cub3d maps/valid/creepy.cub
==501643== 
111111111111111
111111FFF111111
11111FFFFF11111
1111FFFFFFF1111
111FFFFFFFFF111
11FFFFFFFFFFF11
1FFFF11111FFFF1
11FFFF111FFFF11
111FFFF1FFFF111
1111FFFFFFF1111
11111FFFFF11111
111111FFF111111
111111111111111

==501643== 
==501643== HEAP SUMMARY:
==501643==     in use at exit: 0 bytes in 0 blocks
==501643==   total heap usage: 1,391 allocs, 1,391 frees, 937,094 bytes allocated
==501643== 
==501643== All heap blocks were freed -- no leaks are possible
==501643== 
==501643== For lists of detected and suppressed errors, rerun with: -s
==501643== ERROR SUMMARY: 0 errors from 0 contexts (suppressed: 1 from 1)
