==501663== Memcheck, a memory error detector
==501663== Copyright (C) 2002-2017, and GNU GPL'd, by Julian Seward et al.
==501663== Using Valgrind-3.18.1 and LibVEX; rerun with -h for copyright info
==501663== Command: ./cub3d maps/valid/dungeon.cub
==501663== 
1111111111111111111
1FF1FF1FF1FF1FFFFF1
1F11FFFFF1FFFFF1FF1
1FF1FF1FF11111F1111
1FF1111FFFFF1FF1FF1
1FFFFFFFFFFFFFF1FF1
1FF1111111111FF1FF1
1111FFFFFFFFFFF1F11
1FFFFFFFF1FFFFFFFF1
1111111111111111111

==501663== 
==501663== HEAP SUMMARY:
==501663==     in use at exit: 0 bytes in 0 blocks
==501663==   total heap usage: 1,339 allocs, 1,339 frees, 936,853 bytes allocated
==501663== 
==501663== All heap blocks were freed -- no leaks are possible
==501663== 
==501663== For lists of detected and suppressed errors, rerun with: -s
==501663== ERROR SUMMARY: 0 errors from 0 contexts (suppressed: 1 from 1)
