==501671== Memcheck, a memory error detector
==501671== Copyright (C) 2002-2017, and GNU GPL'd, by Julian Seward et al.
==501671== Using Valgrind-3.18.1 and LibVEX; rerun with -h for copyright info
==501671== Command: ./cub3d maps/valid/file_letter_end.cub
==501671== 
11111
1FFF1
1FFF1
1FFF1
1FFF1
1FFF1
11FF1
1FFF1
1FFF1
1FFF1
1FFF1
1FFF1
11111













1
==501671== 
==501671== HEAP SUMMARY:
==501671==     in use at exit: 0 bytes in 0 blocks
==501671==   total heap usage: 1,398 allocs, 1,398 frees, 935,373 bytes allocated
==501671== 
==501671== All heap blocks were freed -- no leaks are possible
==501671== 
==501671== For lists of detected and suppressed errors, rerun with: -s
==501671== ERROR SUMMARY: 0 errors from 0 contexts (suppressed: 1 from 1)
