==501675== Memcheck, a memory error detector
==501675== Copyright (C) 2002-2017, and GNU GPL'd, by Julian Seward et al.
==501675== Using Valgrind-3.18.1 and LibVEX; rerun with -h for copyright info
==501675== Command: ./cub3d maps/valid/forbidden.cub
==501675== 
111111111111
1         11
1          1
111111111111
1FFFFFFFFFF1
111111111111
11         1
111111111111
==501675== 
==501675== HEAP SUMMARY:
==501675==     in use at exit: 0 bytes in 0 blocks
==501675==   total heap usage: 1,227 allocs, 1,227 frees, 934,923 bytes allocated
==501675== 
==501675== All heap blocks were freed -- no leaks are possible
==501675== 
==501675== For lists of detected and suppressed errors, rerun with: -s
==501675== ERROR SUMMARY: 0 errors from 0 contexts (suppressed: 1 from 1)
