==501695== Memcheck, a memory error detector
==501695== Copyright (C) 2002-2017, and GNU GPL'd, by Julian Seward et al.
==501695== Using Valgrind-3.18.1 and LibVEX; rerun with -h for copyright info
==501695== Command: ./cub3d maps/valid/library.cub
==501695== 
1111111111111111111
1FF1FF1FF1FF1FF1FF1
1FF1FF1FF1FF1FF1FF1
1FF1FF1FF1FF1FF1FF1
1FF1FF1FFFFF1FF1FF1
1FFFFFFFFFFFFFFFFF1
1FFFF11111111FFFFF1
1111FFFFFFFFFFF1111
1FFFFFF1F1F1FFFFFF1
1111111111111111111

==501695== 
==501695== HEAP SUMMARY:
==501695==     in use at exit: 0 bytes in 0 blocks
==501695==   total heap usage: 1,351 allocs, 1,351 frees, 937,500 bytes allocated
==501695== 
==501695== All heap blocks were freed -- no leaks are possible
==501695== 
==501695== For lists of detected and suppressed errors, rerun with: -s
==501695== ERROR SUMMARY: 0 errors from 0 contexts (suppressed: 1 from 1)
