==501705== Memcheck, a memory error detector
==501705== Copyright (C) 2002-2017, and GNU GPL'd, by Julian Seward et al.
==501705== Using Valgrind-3.18.1 and LibVEX; rerun with -h for copyright info
==501705== Command: ./cub3d maps/valid/matrix.cub
==501705== 
111111111111111111111
1F1FFFFF1FFFFFFFFFFF1
1F1F1F1F1F1111111FFF1
1FFF1F1FFF1FFFFF1FFF1
11111F1F11111F1F111F1
1FFFFF1F1FFF1F1FFFFF1
1F11111F1F111F1111111
1F1FFFFF1F1F1FFFFF1F1
1F1F11111F1F11111F1F1
1F1F1FFF1F1F1FFF1F1F1
1F111F1F1F1F1F1F1F1F1
1FFFFF1F1F1FFF1F1FFF1
1111111F1F11111F111F1
1FFFFF1F1FFF1FFF1FFF1
1F111F1F111F1F111F111
1F1FFF1FFFFF1FFF1F1F1
1F1F11111111111F1F1F1
1FFF1FFFFFFFFFFF1FFF1
1F1F1F111F111111111F1
1F1FFFFF1FFFFFFFFFFF1
111111111111111111111

==501705== 
==501705== HEAP SUMMARY:
==501705==     in use at exit: 0 bytes in 0 blocks
==501705==   total heap usage: 1,723 allocs, 1,723 frees, 943,218 bytes allocated
==501705== 
==501705== All heap blocks were freed -- no leaks are possible
==501705== 
==501705== For lists of detected and suppressed errors, rerun with: -s
==501705== ERROR SUMMARY: 0 errors from 0 contexts (suppressed: 1 from 1)
