==501710== Memcheck, a memory error detector
==501710== Copyright (C) 2002-2017, and GNU GPL'd, by Julian Seward et al.
==501710== Using Valgrind-3.18.1 and LibVEX; rerun with -h for copyright info
==501710== Command: ./cub3d maps/valid/MAX_VERSTAPPEN.cub
==501710== 
        1111111111111111111111111       111111111111
        1FFFFFFFFF11FFFFFFFFFFFF1       110001100011
        1F11FFFFF111FFFFFFFFFFFF1       111000000011
        1FF1FFFFFFFFFFFFFFFFFFFF1       110001110001
111111111F11FFFFF111FFFFFFFFFFFF1       110000000001
1FFFFFFFFF11FFFFF111F111111111111       111111111111
1111F111111111F111FFFFFF10001
1111F111111111F111F1F1FF10001
11FFFFFF110101F111FFFFFF10001
11111111111111111111111111111

11111111111111111111111111111
10000000000000001100000010001
10000000000000001101010010001
1100000111010101111101111000111
11110111 1110101 101111010001
11111111 1111111 111111111111
önce : dir[0.000000][-1.000000] - plane[1.000000][0.000000]
sonra : dir[0.059964][-0.998201] - plane[0.998201][0.059964]
önce : dir[0.059964][-0.998201] - plane[0.998201][0.059964]
sonra : dir[0.119712][-0.992809] - plane[0.992809][0.119712]
önce : dir[0.119712][-0.992809] - plane[0.992809][0.119712]
sonra : dir[0.179030][-0.983844] - plane[0.983844][0.179030]
önce : dir[0.179030][-0.983844] - plane[0.983844][0.179030]
sonra : dir[0.237703][-0.971338] - plane[0.971338][0.237703]
==501710== 
==501710== HEAP SUMMARY:
==501710==     in use at exit: 0 bytes in 0 blocks
==501710==   total heap usage: 2,524 allocs, 2,524 frees, 1,228,095 bytes allocated
==501710== 
==501710== All heap blocks were freed -- no leaks are possible
==501710== 
==501710== For lists of detected and suppressed errors, rerun with: -s
==501710== ERROR SUMMARY: 0 errors from 0 contexts (suppressed: 1 from 1)
