==501736== Memcheck, a memory error detector
==501736== Copyright (C) 2002-2017, and GNU GPL'd, by Julian Seward et al.
==501736== Using Valgrind-3.18.1 and LibVEX; rerun with -h for copyright info
==501736== Command: ./cub3d maps/valid/sad_face.cub
==501736== 
111111111111111
111111FFF111111
11111FFFFF11111
1111FFFFFFF1111
111FFFFFFFFF111
11FFFFFFFFFFF11
1FFFF11111FFFF1
11FFFF111FFFF11
111FFFF1FFFF111
1111FFFFFFF1111
11111FFFFF11111
111111FFF111111
111111111111111

==501736== 
==501736== HEAP SUMMARY:
==501736==     in use at exit: 0 bytes in 0 blocks
==501736==   total heap usage: 1,394 allocs, 1,394 frees, 937,163 bytes allocated
==501736== 
==501736== All heap blocks were freed -- no leaks are possible
==501736== 
==501736== For lists of detected and suppressed errors, rerun with: -s
==501736== ERROR SUMMARY: 0 errors from 0 contexts (suppressed: 1 from 1)
