==501763== Memcheck, a memory error detector
==501763== Copyright (C) 2002-2017, and GNU GPL'd, by Julian Seward et al.
==501763== Using Valgrind-3.18.1 and LibVEX; rerun with -h for copyright info
==501763== Command: ./cub3d maps/valid/square_map.cub
==501763== 
111111111111111111111111
1FFFFFFFFFFFFFFFFFFFFFF1
1FFFFFFFFFFFFFFFFFFFFFF1
1FFFFFFFFFFFFFFFFFFFFFF1
1FFFFFFFFFFFFFFFFFFFFFF1
1FFFFFFFFFFFFFFFFFFFFFF1
1FFFFFFFFFFFFFFFFFFFFFF1
1FFFFF11111FFFF1F1F1FFF1
1FFFFF10001FFFFFFFFFFFF1
1FFFFF10001FFFF1FFF1FFF1
1FFFFF10001FFFFFFFFFFFF1
1FFFFF1111FFFF1F1F1FFFF1
1FFFFFFFFFFFFFFFFFFFFFF1
1FFFFFFFFFFFFFFFFFFFFFF1
1FFFFFFFFFFFFFFFFFFFFFF1
1FFFFFFFFFFFFFFFFFFFFFF1
1FFFFFFFFFFFFFFFFFFFFFF1
1FFFFFFFFFFFFFFFFFFFFFF1
1FFFFFFFFFFFFFFFFFFFFFF1
111111111FFFFFFFFFFFFFF1
1FF1FFFF1FFFFFFFFFFFFFF1
1FFFFF1F1FFFFFFFFFFFFFF1
1FF1FFFF1FFFFFFFFFFFFFF1
1FF111111FFFFFFFFFFFFFF1
1FFFFFFFFFFFFFFFFFFFFFF1
1FFFFFFFFFFFFFFFFFFFFFF1
111111111111111111111111
==501763== 
==501763== HEAP SUMMARY:
==501763==     in use at exit: 0 bytes in 0 blocks
==501763==   total heap usage: 2,020 allocs, 2,020 frees, 946,576 bytes allocated
==501763== 
==501763== All heap blocks were freed -- no leaks are possible
==501763== 
==501763== For lists of detected and suppressed errors, rerun with: -s
==501763== ERROR SUMMARY: 0 errors from 0 contexts (suppressed: 1 from 1)
