==501767== Memcheck, a memory error detector
==501767== Copyright (C) 2002-2017, and GNU GPL'd, by Julian Seward et al.
==501767== Using Valgrind-3.18.1 and LibVEX; rerun with -h for copyright info
==501767== Command: ./cub3d maps/valid/subject_map.cub
==501767== 
        1111111111111111111111111
        1000000000110000000000001
        1011000001110000000000001
        1001000000000000000000001
111111111011000001110000000000001
100000000011000001110111111111111
1111011111111101110000001FFF1
1111011111111101110101001FFF1
1100000011010101110000001FFF1
1000000000000000110000001FFF1
1000000000000000110101001FFF1
1100000111010101111101111FFF111
11110111 1110101 10111101FFF1
11111111 1111111 111111111111
==501767== 
==501767== HEAP SUMMARY:
==501767==     in use at exit: 0 bytes in 0 blocks
==501767==   total heap usage: 1,632 allocs, 1,632 frees, 944,664 bytes allocated
==501767== 
==501767== All heap blocks were freed -- no leaks are possible
==501767== 
==501767== For lists of detected and suppressed errors, rerun with: -s
==501767== ERROR SUMMARY: 0 errors from 0 contexts (suppressed: 1 from 1)
