==501856== Memcheck, a memory error detector
==501856== Copyright (C) 2002-2017, and GNU GPL'd, by Julian Seward et al.
==501856== Using Valgrind-3.18.1 and LibVEX; rerun with -h for copyright info
==501856== Command: ./cub3d maps/valid/works.cub
==501856== 
1111111111111111111111111
1FFF11FFFF1FFFFFFFFFFFFF1
1FFF11FFFFFFFFFF111111FF1
1FFF11FFFFFFFFFF11FFF1FF1
1FFFFFFFFF1FFFFFFFFFF1FF1
1111111111111111111111111
==501856== 
==501856== HEAP SUMMARY:
==501856==     in use at exit: 0 bytes in 0 blocks
==501856==   total heap usage: 1,296 allocs, 1,296 frees, 934,822 bytes allocated
==501856== 
==501856== All heap blocks were freed -- no leaks are possible
==501856== 
==501856== For lists of detected and suppressed errors, rerun with: -s
==501856== ERROR SUMMARY: 0 errors from 0 contexts (suppressed: 1 from 1)
