==501871== Memcheck, a memory error detector
==501871== Copyright (C) 2002-2017, and GNU GPL'd, by Julian Seward et al.
==501871== Using Valgrind-3.18.1 and LibVEX; rerun with -h for copyright info
==501871== Command: ./cub3d maps/valid/x.cub
==501871== 
        1111111111111111111111111       111111111111
        1FFFFFFFFF11FFFFFFFFFFFF1       110001100011
        1F11FFFFF111FFFFFFFFFFFF1       111000000011
        1FF1FFFFFFFFFFFFFFFFFFFF1       110001110001
111111111F11FFFFF111FFFFFFFFFFFF1       110000000001
1FFFFFFFFF11FFFFF111F111111111111       111111111111
1111F111111111F111FFFFFF10001
1111F111111111F111F1F1FF10001
11FFFFFF110101F111FFFFFF10001
11111111111111111111111111111

11111111111111111111111111111
10000000000000001100000010001
10000000000000001101010010001
1100000111010101111101111000111
11110111 1110101 101111010001
11111111 1111111 111111111111
==501871== 
==501871== HEAP SUMMARY:
==501871==     in use at exit: 0 bytes in 0 blocks
==501871==   total heap usage: 1,841 allocs, 1,841 frees, 951,601 bytes allocated
==501871== 
==501871== All heap blocks were freed -- no leaks are possible
==501871== 
==501871== For lists of detected and suppressed errors, rerun with: -s
==501871== ERROR SUMMARY: 0 errors from 0 contexts (suppressed: 1 from 1)
